info: GET-/-noAuthUser
 {"timestamp":"2024-04-25 09:54:49 +06:30"}
info: GET-/login-noAuthUser
 {"timestamp":"2024-04-25 09:54:49 +06:30"}
info: GET-/assets/css/global.css-noAuthUser
 {"timestamp":"2024-04-25 09:54:49 +06:30"}
info: GET-/assets/img/logo.png-noAuthUser
 {"timestamp":"2024-04-25 09:54:49 +06:30"}
info: GET-/assets/js/common.js-noAuthUser
 {"timestamp":"2024-04-25 09:54:49 +06:30"}
info: GET-/assets/js/password.js-noAuthUser
 {"timestamp":"2024-04-25 09:54:49 +06:30"}
info: GET-/assets/js/code.js-noAuthUser
 {"timestamp":"2024-04-25 09:54:49 +06:30"}
info: GET-/assets/img/favicon.ico-noAuthUser
 {"timestamp":"2024-04-25 09:54:51 +06:30"}
info: GET-/register-noAuthUser
 {"timestamp":"2024-04-25 09:55:13 +06:30"}
info: GET-/assets/css/global.css-noAuthUser
 {"timestamp":"2024-04-25 09:55:13 +06:30"}
info: GET-/assets/img/logo.png-noAuthUser
 {"timestamp":"2024-04-25 09:55:13 +06:30"}
info: GET-/assets/js/common.js-noAuthUser
 {"timestamp":"2024-04-25 09:55:13 +06:30"}
info: GET-/assets/js/password.js-noAuthUser
 {"timestamp":"2024-04-25 09:55:13 +06:30"}
info: GET-/assets/js/code.js-noAuthUser
 {"timestamp":"2024-04-25 09:55:13 +06:30"}
info: GET-/assets/js/dropzone.js-noAuthUser
 {"timestamp":"2024-04-25 09:55:13 +06:30"}
info: GET-/login-noAuthUser
 {"timestamp":"2024-04-25 09:55:31 +06:30"}
info: GET-/assets/css/global.css-noAuthUser
 {"timestamp":"2024-04-25 09:55:31 +06:30"}
info: GET-/assets/img/logo.png-noAuthUser
 {"timestamp":"2024-04-25 09:55:31 +06:30"}
info: GET-/assets/js/common.js-noAuthUser
 {"timestamp":"2024-04-25 09:55:31 +06:30"}
info: GET-/assets/js/password.js-noAuthUser
 {"timestamp":"2024-04-25 09:55:31 +06:30"}
info: GET-/assets/js/code.js-noAuthUser
 {"timestamp":"2024-04-25 09:55:31 +06:30"}
